nohup: ignoring input
2026-05-06 16:44:13.756480: I tensorflow/core/util/port.cc:153] oneDNN custom operations are on. You may see slightly different numerical results due to floating-point round-off errors from different computation orders. To turn them off, set the environment variable `TF_ENABLE_ONEDNN_OPTS=0`.
2026-05-06 16:44:13.795772: I tensorflow/core/platform/cpu_feature_guard.cc:210] This TensorFlow binary is optimized to use available CPU instructions in performance-critical operations.
To enable the following instructions: AVX2 AVX_VNNI FMA, in other operations, rebuild TensorFlow with the appropriate compiler flags.
/home/petpooja-172/.local/lib/python3.10/site-packages/google/api_core/_python_version_support.py:275: FutureWarning: You are using a Python version (3.10.12) which Google will stop supporting in new releases of google.api_core once it reaches its end of life (2026-10-04). Please upgrade to the latest Python version, or at least Python 3.11, to continue receiving updates for google.api_core past that date.
  warnings.warn(message, FutureWarning)
2026-05-06 16:44:14.727593: I tensorflow/core/util/port.cc:153] oneDNN custom operations are on. You may see slightly different numerical results due to floating-point round-off errors from different computation orders. To turn them off, set the environment variable `TF_ENABLE_ONEDNN_OPTS=0`.
INFO:     Will watch for changes in these directories: ['/home/petpooja-172/Downloads/voicee/voice-ordering-system/final year project']
INFO:     Uvicorn running on http://0.0.0.0:8000 (Press CTRL+C to quit)
INFO:     Started reloader process [782658] using StatReload
DEBUG: Initializing Hybrid Matching System...
DEBUG: Hybrid System Initialized. Keyword map size: 94
Opening in existing browser session.
Opening in existing browser session.
2026-05-06 16:44:21.247258: I tensorflow/core/util/port.cc:153] oneDNN custom operations are on. You may see slightly different numerical results due to floating-point round-off errors from different computation orders. To turn them off, set the environment variable `TF_ENABLE_ONEDNN_OPTS=0`.
2026-05-06 16:44:21.285617: I tensorflow/core/platform/cpu_feature_guard.cc:210] This TensorFlow binary is optimized to use available CPU instructions in performance-critical operations.
To enable the following instructions: AVX2 AVX_VNNI FMA, in other operations, rebuild TensorFlow with the appropriate compiler flags.
/home/petpooja-172/.local/lib/python3.10/site-packages/google/api_core/_python_version_support.py:275: FutureWarning: You are using a Python version (3.10.12) which Google will stop supporting in new releases of google.api_core once it reaches its end of life (2026-10-04). Please upgrade to the latest Python version, or at least Python 3.11, to continue receiving updates for google.api_core past that date.
  warnings.warn(message, FutureWarning)
2026-05-06 16:44:22.227163: I tensorflow/core/util/port.cc:153] oneDNN custom operations are on. You may see slightly different numerical results due to floating-point round-off errors from different computation orders. To turn them off, set the environment variable `TF_ENABLE_ONEDNN_OPTS=0`.
INFO:     Started server process [782738]
INFO:     Waiting for application startup.
INFO:     Application startup complete.
DEBUG: Initializing Hybrid Matching System...
DEBUG: Hybrid System Initialized. Keyword map size: 94
INFO:     127.0.0.1:44186 - "GET /dashboard/stream HTTP/1.1" 200 OK
INFO:     127.0.0.1:44192 - "GET /dashboard/stream HTTP/1.1" 200 OK
INFO:     127.0.0.1:50674 - "WebSocket /order/stream_audio" [accepted]
INFO:     connection open
ERROR:    Exception in ASGI application
Traceback (most recent call last):
  File "/home/petpooja-172/.local/lib/python3.10/site-packages/uvicorn/protocols/websockets/websockets_impl.py", line 244, in run_asgi
    result = await self.app(self.scope, self.asgi_receive, self.asgi_send)  # type: ignore[func-returns-value]
  File "/home/petpooja-172/.local/lib/python3.10/site-packages/uvicorn/middleware/proxy_headers.py", line 60, in __call__
    return await self.app(scope, receive, send)
  File "/home/petpooja-172/.local/lib/python3.10/site-packages/fastapi/applications.py", line 1160, in __call__
    await super().__call__(scope, receive, send)
  File "/home/petpooja-172/.local/lib/python3.10/site-packages/starlette/applications.py", line 107, in __call__
    await self.middleware_stack(scope, receive, send)
  File "/home/petpooja-172/.local/lib/python3.10/site-packages/starlette/middleware/errors.py", line 151, in __call__
    await self.app(scope, receive, send)
  File "/home/petpooja-172/.local/lib/python3.10/site-packages/starlette/middleware/cors.py", line 79, in __call__
    await self.app(scope, receive, send)
  File "/home/petpooja-172/.local/lib/python3.10/site-packages/starlette/middleware/exceptions.py", line 63, in __call__
    await wrap_app_handling_exceptions(self.app, conn)(scope, receive, send)
  File "/home/petpooja-172/.local/lib/python3.10/site-packages/starlette/_exception_handler.py", line 53, in wrapped_app
    raise exc
  File "/home/petpooja-172/.local/lib/python3.10/site-packages/starlette/_exception_handler.py", line 42, in wrapped_app
    await app(scope, receive, sender)
  File "/home/petpooja-172/.local/lib/python3.10/site-packages/fastapi/middleware/asyncexitstack.py", line 18, in __call__
    await self.app(scope, receive, send)
  File "/home/petpooja-172/.local/lib/python3.10/site-packages/starlette/routing.py", line 716, in __call__
    await self.middleware_stack(scope, receive, send)
  File "/home/petpooja-172/.local/lib/python3.10/site-packages/starlette/routing.py", line 736, in app
    await route.handle(scope, receive, send)
  File "/home/petpooja-172/.local/lib/python3.10/site-packages/starlette/routing.py", line 364, in handle
    await self.app(scope, receive, send)
  File "/home/petpooja-172/.local/lib/python3.10/site-packages/fastapi/routing.py", line 156, in app
    await wrap_app_handling_exceptions(app, session)(scope, receive, send)
  File "/home/petpooja-172/.local/lib/python3.10/site-packages/starlette/_exception_handler.py", line 53, in wrapped_app
    raise exc
  File "/home/petpooja-172/.local/lib/python3.10/site-packages/starlette/_exception_handler.py", line 42, in wrapped_app
    await app(scope, receive, sender)
  File "/home/petpooja-172/.local/lib/python3.10/site-packages/fastapi/routing.py", line 153, in app
    await func(session)
  File "/home/petpooja-172/.local/lib/python3.10/site-packages/fastapi/routing.py", line 760, in app
    await dependant.call(**solved_result.values)
  File "/home/petpooja-172/Downloads/voicee/voice-ordering-system/final year project/server.py", line 622, in ws_stream_audio
    message = await websocket.receive()
  File "/home/petpooja-172/.local/lib/python3.10/site-packages/starlette/websockets.py", line 57, in receive
    raise RuntimeError('Cannot call "receive" once a disconnect message has been received.')
RuntimeError: Cannot call "receive" once a disconnect message has been received.
INFO:     connection closed
